<?xml version="1.0" encoding="UTF-8"?>
<testng-results total="2" passed="2" failed="0" skipped="0">
  <reporter-output>
  </reporter-output>
  <suite started-at="2020-03-04T09:32:23Z" name="Suite" finished-at="2020-03-04T09:32:54Z" duration-ms="31841">
    <groups>
    </groups>
    <test started-at="2020-03-04T09:32:23Z" name="Test1" finished-at="2020-03-04T09:32:45Z" duration-ms="21929">
      <class name="testNg_25.ParallelExecution">
        <test-method signature="test_Browser(java.lang.String)[pri:0, instance:testNg_25.ParallelExecution@161b062a]" started-at="2020-03-04T15:02:23Z" name="test_Browser" finished-at="2020-03-04T15:02:45Z" duration-ms="21857" status="PASS">
          <params>
            <param index="0">
              <value>
                <![CDATA[firefox]]>
              </value>
            </param>
          </params>
          <reporter-output>
          </reporter-output>
        </test-method> <!-- test_Browser -->
      </class> <!-- testNg_25.ParallelExecution -->
    </test> <!-- Test1 -->
    <test started-at="2020-03-04T09:32:23Z" name="Test" finished-at="2020-03-04T09:32:54Z" duration-ms="31840">
      <class name="testNg_25.ParallelExecution">
        <test-method signature="test_Browser(java.lang.String)[pri:0, instance:testNg_25.ParallelExecution@341b80b2]" started-at="2020-03-04T15:02:23Z" name="test_Browser" finished-at="2020-03-04T15:02:54Z" duration-ms="31770" status="PASS">
          <params>
            <param index="0">
              <value>
                <![CDATA[chrome]]>
              </value>
            </param>
          </params>
          <reporter-output>
          </reporter-output>
        </test-method> <!-- test_Browser -->
      </class> <!-- testNg_25.ParallelExecution -->
    </test> <!-- Test -->
  </suite> <!-- Suite -->
</testng-results>
